<?xml version="1.0" encoding="UTF-8"?>
<!-- Generated by org.testng.reporters.JUnitReportReporter -->
<testsuite skipped="0" hostname="DESKTOP-PI48NFN" name="AppiumTest" tests="1" failures="0" timestamp="14 Apr 2018 11:58:14 GMT" time="24.137" errors="0">
  <testcase name="testCase1" time="24.137" classname="AppiumTest"/>
</testsuite> <!-- AppiumTest -->
