<?xml version="1.0" encoding="UTF-8"?>
<!-- Generated by org.testng.reporters.JUnitReportReporter -->
<testsuite skipped="0" hostname="DESKTOP-PI48NFN" name="ScrollTest" tests="1" failures="0" timestamp="17 Apr 2018 12:28:10 GMT" time="5.998" errors="0">
  <testcase name="testCase1" time="5.998" classname="ScrollTest"/>
</testsuite> <!-- ScrollTest -->
