<?xml version="1.0" encoding="UTF-8"?>
<!-- Generated by org.testng.reporters.JUnitReportReporter -->
<testsuite skipped="0" hostname="DESKTOP-PI48NFN" name="AppiumTest" tests="1" failures="0" timestamp="15 Apr 2018 05:00:01 GMT" time="24.747" errors="0">
  <testcase name="testCase1" time="24.747" classname="AppiumTest"/>
</testsuite> <!-- AppiumTest -->
