<?xml version="1.0" encoding="UTF-8"?>
<!-- Generated by org.testng.reporters.JUnitReportReporter -->
<testsuite skipped="0" hostname="DESKTOP-PI48NFN" name="TappingTest" tests="1" failures="0" timestamp="21 Apr 2018 13:25:55 GMT" time="0.522" errors="0">
  <testcase name="testCase1" time="0.522" classname="TappingTest"/>
</testsuite> <!-- TappingTest -->
