<?xml version="1.0" encoding="UTF-8"?>
<!-- Generated by org.testng.reporters.JUnitReportReporter -->
<testsuite skipped="0" hostname="DESKTOP-PI48NFN" name="PressAndLongPress" tests="1" failures="0" timestamp="16 Apr 2018 17:13:39 GMT" time="0.052" errors="0">
  <testcase name="testCase1" time="0.052" classname="PressAndLongPress"/>
</testsuite> <!-- PressAndLongPress -->
