<?xml version="1.0" encoding="UTF-8"?>
<!-- Generated by org.testng.reporters.JUnitReportReporter -->
<testsuite skipped="0" hostname="DESKTOP-PI48NFN" name="TappingTest" tests="1" failures="0" timestamp="16 Apr 2018 09:36:24 GMT" time="0.654" errors="0">
  <testcase name="testCase1" time="0.654" classname="TappingTest"/>
</testsuite> <!-- TappingTest -->
