<?xml version="1.0" encoding="UTF-8"?>
<!-- Generated by org.testng.reporters.JUnitReportReporter -->
<testsuite skipped="0" hostname="DESKTOP-PI48NFN" name="DriverSpecific" tests="1" failures="0" timestamp="22 Apr 2018 09:36:15 GMT" time="15.544" errors="0">
  <testcase name="testCase1" time="15.544" classname="DriverSpecific"/>
</testsuite> <!-- DriverSpecific -->
