<?xml version="1.0" encoding="UTF-8"?>
<!-- Generated by org.testng.reporters.JUnitReportReporter -->
<testsuite skipped="0" hostname="DESKTOP-PI48NFN" name="AppiumTest2" tests="1" failures="0" timestamp="15 Apr 2018 17:43:03 GMT" time="24.749" errors="0">
  <testcase name="testCase1" time="24.749" classname="AppiumTest2"/>
</testsuite> <!-- AppiumTest2 -->
